{"/home/martin/Development/Pruebas/Node-Js/05-bases-testing/src/js-fundation/01-template.ts": {"path":"/home/martin/Development/Pruebas/Node-Js/05-bases-testing/src/js-fundation/01-template.ts","all":false,"statementMap":{"0":{"start":{"line":1,"column":0},"end":{"line":1,"column":0}},"1":{"start":{"line":2,"column":0},"end":{"line":2,"column":0}},"2":{"start":{"line":3,"column":0},"end":{"line":3,"column":30}},"3":{"start":{"line":4,"column":0},"end":{"line":4,"column":5}},"4":{"start":{"line":5,"column":0},"end":{"line":5,"column":25}},"5":{"start":{"line":6,"column":0},"end":{"line":6,"column":36}},"6":{"start":{"line":7,"column":0},"end":{"line":7,"column":32}},"7":{"start":{"line":8,"column":0},"end":{"line":8,"column":8}},"8":{"start":{"line":9,"column":0},"end":{"line":9,"column":0}},"9":{"start":{"line":10,"column":0},"end":{"line":10,"column":0}},"10":{"start":{"line":11,"column":0},"end":{"line":11,"column":0}},"11":{"start":{"line":12,"column":0},"end":{"line":12,"column":21}},"12":{"start":{"line":13,"column":0},"end":{"line":13,"column":20}},"13":{"start":{"line":14,"column":0},"end":{"line":14,"column":4}}},"s":{"0":1,"1":1,"2":1,"3":1,"4":1,"5":1,"6":1,"7":1,"8":1,"9":1,"10":1,"11":1,"12":1,"13":1},"branchMap":{},"b":{},"fnMap":{},"f":{}}
,"/home/martin/Development/Pruebas/Node-Js/05-bases-testing/src/js-fundation/02-destructuring.ts": {"path":"/home/martin/Development/Pruebas/Node-Js/05-bases-testing/src/js-fundation/02-destructuring.ts","all":false,"statementMap":{"0":{"start":{"line":1,"column":0},"end":{"line":1,"column":70}},"1":{"start":{"line":2,"column":0},"end":{"line":2,"column":0}},"2":{"start":{"line":3,"column":0},"end":{"line":3,"column":0}},"3":{"start":{"line":4,"column":0},"end":{"line":4,"column":30}},"4":{"start":{"line":5,"column":0},"end":{"line":5,"column":0}},"5":{"start":{"line":6,"column":0},"end":{"line":6,"column":0}},"6":{"start":{"line":7,"column":0},"end":{"line":7,"column":21}},"7":{"start":{"line":8,"column":0},"end":{"line":8,"column":11}},"8":{"start":{"line":9,"column":0},"end":{"line":9,"column":4}}},"s":{"0":1,"1":1,"2":1,"3":1,"4":1,"5":1,"6":1,"7":1,"8":1},"branchMap":{},"b":{},"fnMap":{},"f":{}}
,"/home/martin/Development/Pruebas/Node-Js/05-bases-testing/src/js-fundation/03-callbacks.ts": {"path":"/home/martin/Development/Pruebas/Node-Js/05-bases-testing/src/js-fundation/03-callbacks.ts","all":false,"statementMap":{"0":{"start":{"line":1,"column":0},"end":{"line":1,"column":16}},"1":{"start":{"line":2,"column":0},"end":{"line":2,"column":15}},"2":{"start":{"line":3,"column":0},"end":{"line":3,"column":17}},"3":{"start":{"line":4,"column":0},"end":{"line":4,"column":1}},"4":{"start":{"line":5,"column":0},"end":{"line":5,"column":0}},"5":{"start":{"line":6,"column":0},"end":{"line":6,"column":0}},"6":{"start":{"line":7,"column":0},"end":{"line":7,"column":23}},"7":{"start":{"line":8,"column":0},"end":{"line":8,"column":5}},"8":{"start":{"line":9,"column":0},"end":{"line":9,"column":14}},"9":{"start":{"line":10,"column":0},"end":{"line":10,"column":25}},"10":{"start":{"line":11,"column":0},"end":{"line":11,"column":6}},"11":{"start":{"line":12,"column":0},"end":{"line":12,"column":5}},"12":{"start":{"line":13,"column":0},"end":{"line":13,"column":14}},"13":{"start":{"line":14,"column":0},"end":{"line":14,"column":25}},"14":{"start":{"line":15,"column":0},"end":{"line":15,"column":6}},"15":{"start":{"line":16,"column":0},"end":{"line":16,"column":1}},"16":{"start":{"line":17,"column":0},"end":{"line":17,"column":0}},"17":{"start":{"line":18,"column":0},"end":{"line":18,"column":0}},"18":{"start":{"line":19,"column":0},"end":{"line":19,"column":28}},"19":{"start":{"line":20,"column":0},"end":{"line":20,"column":15}},"20":{"start":{"line":21,"column":0},"end":{"line":21,"column":43}},"21":{"start":{"line":22,"column":0},"end":{"line":22,"column":21}},"22":{"start":{"line":23,"column":0},"end":{"line":23,"column":45}},"23":{"start":{"line":24,"column":0},"end":{"line":24,"column":29}},"24":{"start":{"line":25,"column":0},"end":{"line":25,"column":6}},"25":{"start":{"line":26,"column":0},"end":{"line":26,"column":0}},"26":{"start":{"line":27,"column":0},"end":{"line":27,"column":55}},"27":{"start":{"line":28,"column":0},"end":{"line":28,"column":0}},"28":{"start":{"line":29,"column":0},"end":{"line":29,"column":37}},"29":{"start":{"line":30,"column":0},"end":{"line":30,"column":1}},"30":{"start":{"line":31,"column":0},"end":{"line":31,"column":0}},"31":{"start":{"line":32,"column":0},"end":{"line":32,"column":0}},"32":{"start":{"line":33,"column":0},"end":{"line":33,"column":0}},"33":{"start":{"line":34,"column":0},"end":{"line":34,"column":21}},"34":{"start":{"line":35,"column":0},"end":{"line":35,"column":18}},"35":{"start":{"line":36,"column":0},"end":{"line":36,"column":4}}},"s":{"0":1,"1":1,"2":1,"3":1,"4":1,"5":1,"6":1,"7":1,"8":1,"9":1,"10":1,"11":1,"12":1,"13":1,"14":1,"15":1,"16":1,"17":1,"18":1,"19":2,"20":2,"21":2,"22":2,"23":3,"24":2,"25":2,"26":2,"27":1,"28":1,"29":1,"30":1,"31":1,"32":1,"33":1,"34":1,"35":1},"branchMap":{"0":{"type":"branch","line":19,"loc":{"start":{"line":19,"column":27},"end":{"line":30,"column":1}},"locations":[{"start":{"line":19,"column":27},"end":{"line":30,"column":1}}]},"1":{"type":"branch","line":27,"loc":{"start":{"line":27,"column":15},"end":{"line":30,"column":1}},"locations":[{"start":{"line":27,"column":15},"end":{"line":30,"column":1}}]},"2":{"type":"branch","line":23,"loc":{"start":{"line":23,"column":28},"end":{"line":25,"column":5}},"locations":[{"start":{"line":23,"column":28},"end":{"line":25,"column":5}}]}},"b":{"0":[2],"1":[1],"2":[3]},"fnMap":{"0":{"name":"getUserById","decl":{"start":{"line":19,"column":27},"end":{"line":30,"column":1}},"loc":{"start":{"line":19,"column":27},"end":{"line":30,"column":1}},"line":19}},"f":{"0":2}}
,"/home/martin/Development/Pruebas/Node-Js/05-bases-testing/src/js-fundation/07-applied-factory.ts": {"path":"/home/martin/Development/Pruebas/Node-Js/05-bases-testing/src/js-fundation/07-applied-factory.ts","all":false,"statementMap":{"0":{"start":{"line":1,"column":0},"end":{"line":1,"column":0}},"1":{"start":{"line":2,"column":0},"end":{"line":2,"column":0}},"2":{"start":{"line":3,"column":0},"end":{"line":3,"column":40}},"3":{"start":{"line":4,"column":0},"end":{"line":4,"column":119}},"4":{"start":{"line":5,"column":0},"end":{"line":5,"column":74}},"5":{"start":{"line":6,"column":0},"end":{"line":6,"column":16}},"6":{"start":{"line":7,"column":0},"end":{"line":7,"column":26}},"7":{"start":{"line":8,"column":0},"end":{"line":8,"column":17}},"8":{"start":{"line":9,"column":0},"end":{"line":9,"column":22}},"9":{"start":{"line":10,"column":0},"end":{"line":10,"column":34}},"10":{"start":{"line":11,"column":0},"end":{"line":11,"column":9}},"11":{"start":{"line":12,"column":0},"end":{"line":12,"column":5}},"12":{"start":{"line":13,"column":0},"end":{"line":13,"column":1}},"13":{"start":{"line":14,"column":0},"end":{"line":14,"column":0}},"14":{"start":{"line":15,"column":0},"end":{"line":15,"column":0}},"15":{"start":{"line":16,"column":0},"end":{"line":16,"column":21}},"16":{"start":{"line":17,"column":0},"end":{"line":17,"column":22}},"17":{"start":{"line":18,"column":0},"end":{"line":18,"column":4}}},"s":{"0":1,"1":1,"2":1,"3":1,"4":2,"5":1,"6":1,"7":1,"8":1,"9":1,"10":1,"11":1,"12":2,"13":1,"14":1,"15":1,"16":1,"17":1},"branchMap":{"0":{"type":"branch","line":4,"loc":{"start":{"line":4,"column":31},"end":{"line":13,"column":1}},"locations":[{"start":{"line":4,"column":31},"end":{"line":13,"column":1}}]},"1":{"type":"branch","line":5,"loc":{"start":{"line":5,"column":11},"end":{"line":12,"column":5}},"locations":[{"start":{"line":5,"column":11},"end":{"line":12,"column":5}}]}},"b":{"0":[2],"1":[1]},"fnMap":{"0":{"name":"buildMakePerson","decl":{"start":{"line":4,"column":31},"end":{"line":13,"column":1}},"loc":{"start":{"line":4,"column":31},"end":{"line":13,"column":1}},"line":4}},"f":{"0":2}}
,"/home/martin/Development/Pruebas/Node-Js/05-bases-testing/src/js-fundation/10-fetch-adapter.ts": {"path":"/home/martin/Development/Pruebas/Node-Js/05-bases-testing/src/js-fundation/10-fetch-adapter.ts","all":false,"statementMap":{"0":{"start":{"line":1,"column":0},"end":{"line":1,"column":45}},"1":{"start":{"line":2,"column":0},"end":{"line":2,"column":0}},"2":{"start":{"line":3,"column":0},"end":{"line":3,"column":46}},"3":{"start":{"line":4,"column":0},"end":{"line":4,"column":0}},"4":{"start":{"line":5,"column":0},"end":{"line":5,"column":0}},"5":{"start":{"line":6,"column":0},"end":{"line":6,"column":53}},"6":{"start":{"line":7,"column":0},"end":{"line":7,"column":9}},"7":{"start":{"line":8,"column":0},"end":{"line":8,"column":91}},"8":{"start":{"line":9,"column":0},"end":{"line":9,"column":0}},"9":{"start":{"line":10,"column":0},"end":{"line":10,"column":64}},"10":{"start":{"line":11,"column":0},"end":{"line":11,"column":0}},"11":{"start":{"line":12,"column":0},"end":{"line":12,"column":20}},"12":{"start":{"line":13,"column":0},"end":{"line":13,"column":21}},"13":{"start":{"line":14,"column":0},"end":{"line":14,"column":19}},"14":{"start":{"line":15,"column":0},"end":{"line":15,"column":5}},"15":{"start":{"line":16,"column":0},"end":{"line":16,"column":1}}},"s":{"0":1,"1":1,"2":1,"3":1,"4":1,"5":1,"6":3,"7":3,"8":1,"9":3,"10":1,"11":1,"12":3,"13":0,"14":0,"15":3},"branchMap":{"0":{"type":"branch","line":6,"loc":{"start":{"line":6,"column":30},"end":{"line":16,"column":1}},"locations":[{"start":{"line":6,"column":30},"end":{"line":16,"column":1}}]},"1":{"type":"branch","line":6,"loc":{"start":{"line":6,"column":51},"end":{"line":16,"column":1}},"locations":[{"start":{"line":6,"column":51},"end":{"line":16,"column":1}}]},"2":{"type":"branch","line":9,"loc":{"start":{"line":9,"column":-1},"end":{"line":10,"column":25}},"locations":[{"start":{"line":9,"column":-1},"end":{"line":10,"column":25}}]},"3":{"type":"branch","line":10,"loc":{"start":{"line":10,"column":19},"end":{"line":10,"column":64}},"locations":[{"start":{"line":10,"column":19},"end":{"line":10,"column":64}}]},"4":{"type":"branch","line":11,"loc":{"start":{"line":11,"column":-1},"end":{"line":13,"column":13}},"locations":[{"start":{"line":11,"column":-1},"end":{"line":13,"column":13}}]},"5":{"type":"branch","line":13,"loc":{"start":{"line":13,"column":6},"end":{"line":15,"column":5}},"locations":[{"start":{"line":13,"column":6},"end":{"line":15,"column":5}}]}},"b":{"0":[3],"1":[3],"2":[1],"3":[0],"4":[1],"5":[0]},"fnMap":{"0":{"name":"getPokemonById","decl":{"start":{"line":6,"column":30},"end":{"line":16,"column":1}},"loc":{"start":{"line":6,"column":30},"end":{"line":16,"column":1}},"line":6}},"f":{"0":3}}
,"/home/martin/Development/Pruebas/Node-Js/05-bases-testing/src/plugins/get-age.plugin.ts": {"path":"/home/martin/Development/Pruebas/Node-Js/05-bases-testing/src/plugins/get-age.plugin.ts","all":false,"statementMap":{"0":{"start":{"line":1,"column":0},"end":{"line":1,"column":0}},"1":{"start":{"line":2,"column":0},"end":{"line":2,"column":0}},"2":{"start":{"line":3,"column":0},"end":{"line":3,"column":46}},"3":{"start":{"line":4,"column":0},"end":{"line":4,"column":72}},"4":{"start":{"line":5,"column":0},"end":{"line":5,"column":1}}},"s":{"0":1,"1":1,"2":1,"3":3,"4":3},"branchMap":{"0":{"type":"branch","line":3,"loc":{"start":{"line":3,"column":22},"end":{"line":5,"column":1}},"locations":[{"start":{"line":3,"column":22},"end":{"line":5,"column":1}}]}},"b":{"0":[3]},"fnMap":{"0":{"name":"getAge","decl":{"start":{"line":3,"column":22},"end":{"line":5,"column":1}},"loc":{"start":{"line":3,"column":22},"end":{"line":5,"column":1}},"line":3}},"f":{"0":3}}
,"/home/martin/Development/Pruebas/Node-Js/05-bases-testing/src/plugins/get-id.plugin.ts": {"path":"/home/martin/Development/Pruebas/Node-Js/05-bases-testing/src/plugins/get-id.plugin.ts","all":false,"statementMap":{"0":{"start":{"line":1,"column":0},"end":{"line":1,"column":35}},"1":{"start":{"line":2,"column":0},"end":{"line":2,"column":42}},"2":{"start":{"line":3,"column":0},"end":{"line":3,"column":0}},"3":{"start":{"line":4,"column":0},"end":{"line":4,"column":38}},"4":{"start":{"line":5,"column":0},"end":{"line":5,"column":0}},"5":{"start":{"line":6,"column":0},"end":{"line":6,"column":0}},"6":{"start":{"line":7,"column":0},"end":{"line":7,"column":31}}},"s":{"0":1,"1":1,"2":1,"3":1,"4":1,"5":1,"6":1},"branchMap":{"0":{"type":"branch","line":4,"loc":{"start":{"line":4,"column":23},"end":{"line":4,"column":37}},"locations":[{"start":{"line":4,"column":23},"end":{"line":4,"column":37}}]}},"b":{"0":[1]},"fnMap":{"0":{"name":"getUUID","decl":{"start":{"line":4,"column":23},"end":{"line":4,"column":37}},"loc":{"start":{"line":4,"column":23},"end":{"line":4,"column":37}},"line":4}},"f":{"0":1}}
,"/home/martin/Development/Pruebas/Node-Js/05-bases-testing/src/plugins/http-client.plugin.ts": {"path":"/home/martin/Development/Pruebas/Node-Js/05-bases-testing/src/plugins/http-client.plugin.ts","all":false,"statementMap":{"0":{"start":{"line":1,"column":0},"end":{"line":1,"column":26}},"1":{"start":{"line":2,"column":0},"end":{"line":2,"column":0}},"2":{"start":{"line":3,"column":0},"end":{"line":3,"column":0}},"3":{"start":{"line":4,"column":0},"end":{"line":4,"column":33}},"4":{"start":{"line":5,"column":0},"end":{"line":5,"column":33}},"5":{"start":{"line":6,"column":0},"end":{"line":6,"column":13}},"6":{"start":{"line":7,"column":0},"end":{"line":7,"column":46}},"7":{"start":{"line":8,"column":0},"end":{"line":8,"column":28}},"8":{"start":{"line":9,"column":0},"end":{"line":9,"column":25}},"9":{"start":{"line":10,"column":0},"end":{"line":10,"column":24}},"10":{"start":{"line":11,"column":0},"end":{"line":11,"column":9}},"11":{"start":{"line":12,"column":0},"end":{"line":12,"column":6}},"12":{"start":{"line":13,"column":0},"end":{"line":13,"column":0}},"13":{"start":{"line":14,"column":0},"end":{"line":14,"column":82}},"14":{"start":{"line":15,"column":0},"end":{"line":15,"column":81}},"15":{"start":{"line":16,"column":0},"end":{"line":16,"column":84}},"16":{"start":{"line":17,"column":0},"end":{"line":17,"column":1}}},"s":{"0":1,"1":1,"2":1,"3":1,"4":1,"5":4,"6":4,"7":2,"8":4,"9":0,"10":0,"11":4,"12":1,"13":1,"14":1,"15":1,"16":1},"branchMap":{"0":{"type":"branch","line":5,"loc":{"start":{"line":5,"column":9},"end":{"line":12,"column":6}},"locations":[{"start":{"line":5,"column":9},"end":{"line":12,"column":6}}]},"1":{"type":"branch","line":5,"loc":{"start":{"line":5,"column":31},"end":{"line":12,"column":5}},"locations":[{"start":{"line":5,"column":31},"end":{"line":12,"column":5}}]},"2":{"type":"branch","line":8,"loc":{"start":{"line":8,"column":-1},"end":{"line":9,"column":17}},"locations":[{"start":{"line":8,"column":-1},"end":{"line":9,"column":17}}]},"3":{"type":"branch","line":9,"loc":{"start":{"line":9,"column":10},"end":{"line":11,"column":9}},"locations":[{"start":{"line":9,"column":10},"end":{"line":11,"column":9}}]},"4":{"type":"branch","line":14,"loc":{"start":{"line":14,"column":10},"end":{"line":14,"column":82}},"locations":[{"start":{"line":14,"column":10},"end":{"line":14,"column":82}}]},"5":{"type":"branch","line":14,"loc":{"start":{"line":14,"column":42},"end":{"line":14,"column":81}},"locations":[{"start":{"line":14,"column":42},"end":{"line":14,"column":81}}]},"6":{"type":"branch","line":15,"loc":{"start":{"line":15,"column":9},"end":{"line":15,"column":81}},"locations":[{"start":{"line":15,"column":9},"end":{"line":15,"column":81}}]},"7":{"type":"branch","line":15,"loc":{"start":{"line":15,"column":41},"end":{"line":15,"column":80}},"locations":[{"start":{"line":15,"column":41},"end":{"line":15,"column":80}}]},"8":{"type":"branch","line":16,"loc":{"start":{"line":16,"column":12},"end":{"line":16,"column":84}},"locations":[{"start":{"line":16,"column":12},"end":{"line":16,"column":84}}]},"9":{"type":"branch","line":16,"loc":{"start":{"line":16,"column":44},"end":{"line":16,"column":83}},"locations":[{"start":{"line":16,"column":44},"end":{"line":16,"column":83}}]}},"b":{"0":[4],"1":[4],"2":[2],"3":[0],"4":[1],"5":[1],"6":[1],"7":[1],"8":[1],"9":[1]},"fnMap":{"0":{"name":"get","decl":{"start":{"line":5,"column":9},"end":{"line":12,"column":6}},"loc":{"start":{"line":5,"column":9},"end":{"line":12,"column":6}},"line":5},"1":{"name":"post","decl":{"start":{"line":14,"column":10},"end":{"line":14,"column":82}},"loc":{"start":{"line":14,"column":10},"end":{"line":14,"column":82}},"line":14},"2":{"name":"put","decl":{"start":{"line":15,"column":9},"end":{"line":15,"column":81}},"loc":{"start":{"line":15,"column":9},"end":{"line":15,"column":81}},"line":15},"3":{"name":"delete","decl":{"start":{"line":16,"column":12},"end":{"line":16,"column":84}},"loc":{"start":{"line":16,"column":12},"end":{"line":16,"column":84}},"line":16}},"f":{"0":4,"1":1,"2":1,"3":1}}
,"/home/martin/Development/Pruebas/Node-Js/05-bases-testing/src/plugins/index.ts": {"path":"/home/martin/Development/Pruebas/Node-Js/05-bases-testing/src/plugins/index.ts","all":false,"statementMap":{"0":{"start":{"line":1,"column":0},"end":{"line":1,"column":32}},"1":{"start":{"line":2,"column":0},"end":{"line":2,"column":31}},"2":{"start":{"line":3,"column":0},"end":{"line":3,"column":36}},"3":{"start":{"line":4,"column":0},"end":{"line":4,"column":31}}},"s":{"0":1,"1":1,"2":1,"3":1},"branchMap":{},"b":{},"fnMap":{},"f":{}}
,"/home/martin/Development/Pruebas/Node-Js/05-bases-testing/src/plugins/logger.plugin.ts": {"path":"/home/martin/Development/Pruebas/Node-Js/05-bases-testing/src/plugins/logger.plugin.ts","all":false,"statementMap":{"0":{"start":{"line":1,"column":0},"end":{"line":1,"column":42}},"1":{"start":{"line":2,"column":0},"end":{"line":2,"column":0}},"2":{"start":{"line":3,"column":0},"end":{"line":3,"column":38}},"3":{"start":{"line":4,"column":0},"end":{"line":4,"column":44}},"4":{"start":{"line":5,"column":0},"end":{"line":5,"column":0}},"5":{"start":{"line":6,"column":0},"end":{"line":6,"column":44}},"6":{"start":{"line":7,"column":0},"end":{"line":7,"column":16}},"7":{"start":{"line":8,"column":0},"end":{"line":8,"column":35}},"8":{"start":{"line":9,"column":0},"end":{"line":9,"column":18}},"9":{"start":{"line":10,"column":0},"end":{"line":10,"column":16}},"10":{"start":{"line":11,"column":0},"end":{"line":11,"column":10}},"11":{"start":{"line":12,"column":0},"end":{"line":12,"column":4}},"12":{"start":{"line":13,"column":0},"end":{"line":13,"column":46}},"13":{"start":{"line":14,"column":0},"end":{"line":14,"column":15}},"14":{"start":{"line":15,"column":0},"end":{"line":15,"column":6}},"15":{"start":{"line":16,"column":0},"end":{"line":16,"column":79}},"16":{"start":{"line":17,"column":0},"end":{"line":17,"column":81}},"17":{"start":{"line":18,"column":0},"end":{"line":18,"column":6}},"18":{"start":{"line":19,"column":0},"end":{"line":19,"column":75}},"19":{"start":{"line":20,"column":0},"end":{"line":20,"column":62}},"20":{"start":{"line":21,"column":0},"end":{"line":21,"column":4}},"21":{"start":{"line":22,"column":0},"end":{"line":22,"column":3}},"22":{"start":{"line":23,"column":0},"end":{"line":23,"column":0}},"23":{"start":{"line":24,"column":0},"end":{"line":24,"column":43}},"24":{"start":{"line":25,"column":0},"end":{"line":25,"column":34}},"25":{"start":{"line":26,"column":0},"end":{"line":26,"column":4}},"26":{"start":{"line":27,"column":0},"end":{"line":27,"column":0}},"27":{"start":{"line":28,"column":0},"end":{"line":28,"column":0}},"28":{"start":{"line":29,"column":0},"end":{"line":29,"column":49}},"29":{"start":{"line":30,"column":0},"end":{"line":30,"column":10}},"30":{"start":{"line":31,"column":0},"end":{"line":31,"column":31}},"31":{"start":{"line":32,"column":0},"end":{"line":32,"column":46}},"32":{"start":{"line":33,"column":0},"end":{"line":33,"column":6}},"33":{"start":{"line":34,"column":0},"end":{"line":34,"column":33}},"34":{"start":{"line":35,"column":0},"end":{"line":35,"column":49}},"35":{"start":{"line":36,"column":0},"end":{"line":36,"column":5}},"36":{"start":{"line":37,"column":0},"end":{"line":37,"column":3}},"37":{"start":{"line":38,"column":0},"end":{"line":38,"column":1}}},"s":{"0":1,"1":1,"2":1,"3":1,"4":1,"5":1,"6":1,"7":1,"8":1,"9":1,"10":1,"11":1,"12":1,"13":1,"14":1,"15":1,"16":1,"17":1,"18":1,"19":1,"20":1,"21":1,"22":1,"23":1,"24":1,"25":1,"26":1,"27":1,"28":1,"29":2,"30":2,"31":1,"32":2,"33":2,"34":0,"35":0,"36":2,"37":2},"branchMap":{"0":{"type":"branch","line":29,"loc":{"start":{"line":29,"column":27},"end":{"line":38,"column":1}},"locations":[{"start":{"line":29,"column":27},"end":{"line":38,"column":1}}]},"1":{"type":"branch","line":31,"loc":{"start":{"line":31,"column":9},"end":{"line":33,"column":5}},"locations":[{"start":{"line":31,"column":9},"end":{"line":33,"column":5}}]}},"b":{"0":[2],"1":[1]},"fnMap":{"0":{"name":"buildLogger","decl":{"start":{"line":29,"column":27},"end":{"line":38,"column":1}},"loc":{"start":{"line":29,"column":27},"end":{"line":38,"column":1}},"line":29},"1":{"name":"log","decl":{"start":{"line":31,"column":9},"end":{"line":33,"column":5}},"loc":{"start":{"line":31,"column":9},"end":{"line":33,"column":5}},"line":31},"2":{"name":"error","decl":{"start":{"line":34,"column":11},"end":{"line":36,"column":5}},"loc":{"start":{"line":34,"column":11},"end":{"line":36,"column":5}},"line":34}},"f":{"0":2,"1":1,"2":0}}
}
